<?xml version="1.0" encoding="UTF-8"?>
<!-- Generated by org.testng.reporters.JUnitXMLReporter -->
<testsuite ignored="0" hostname="DESKTOP-BENH0HB" failures="0" tests="4" name="Default test" time="27.238" errors="0" timestamp="2025-06-23T09:56:30 IST">
  <testcase classname="com.orangeHRM_Dashboard.VerifyLoginFunctionality" name="TC001_vlaidLoginTest" time="5.16"/>
  <testcase classname="com.orangeHRM_Dashboard.VerifyLoginFunctionality" name="TC002_InvalidLogin" time="3.532"/>
  <testcase classname="com.orangeHRM_Dashboard.VerifyLoginFunctionality" name="TC003_blank_username_password_fields" time="0.259"/>
  <testcase classname="com.orangeHRM_Dashboard.VerifyLoginFunctionality" name="TC004_TestForgotPasswordLink" time="2.645"/>
</testsuite> <!-- Default test -->
