<?xml version="1.0" encoding="UTF-8"?>
<!-- Generated by org.testng.reporters.JUnitXMLReporter -->
<testsuite ignored="0" hostname="DESKTOP-BENH0HB" failures="0" tests="10" name="Test" time="112.785" errors="0" timestamp="2025-06-21T12:31:54 IST">
  <testcase classname="com.orangeHRM_Dashboard.VerifyLoginFunctionality" name="TC001_vlaidLoginTest" time="4.096"/>
  <testcase classname="com.orangeHRM_Dashboard.VerifyLoginFunctionality" name="TC002_InvalidLogin" time="2.702"/>
  <testcase classname="com.orangeHRM_Dashboard.VerifyLoginFunctionality" name="TC003_blank_username_password_fields" time="0.184"/>
  <testcase classname="com.orangeHRM_Dashboard.VerifyLoginFunctionality" name="TC004_TestForgotPasswordLink" time="3.146"/>
  <testcase classname="com.orangeHRM_Dashboard.VerifyUserManagementAdminModule" name="TC001_viewUserList" time="8.623"/>
  <testcase classname="com.orangeHRM_Dashboard.VerifyUserManagementAdminModule" name="TC002_testUsersExist" time="3.685"/>
  <testcase classname="com.orangeHRM_Dashboard.VerifyUserManagementAdminModule" name="TC003_testAddNewEmployee" time="7.226"/>
  <testcase classname="com.orangeHRM_Dashboard.VerifyUserManagementAdminModule" name="TC004_addNewUser" time="15.134"/>
  <testcase classname="com.orangeHRM_Dashboard.VerifyAccessControl" name="TC001_accessControlValidation" time="3.867"/>
  <testcase classname="com.orangeHRM_Dashboard.VerifyDeleteEmployee" name="TC001_deleteUser" time="7.478"/>
</testsuite> <!-- Test -->
