<?xml version="1.0" encoding="UTF-8"?>
<testng-results ignored="0" total="4" passed="4" failed="0" skipped="0">
  <reporter-output>
  </reporter-output>
  <suite started-at="2025-06-23T09:56:03 IST" name="Default suite" finished-at="2025-06-23T09:56:30 IST" duration-ms="27238">
    <groups>
    </groups>
    <test started-at="2025-06-23T09:56:03 IST" name="Default test" finished-at="2025-06-23T09:56:30 IST" duration-ms="27238">
      <class name="com.orangeHRM_Dashboard.VerifyLoginFunctionality">
        <test-method is-config="true" signature="LaunchingBrowser()[pri:0, instance:com.orangeHRM_Dashboard.VerifyLoginFunctionality@2c282004]" started-at="2025-06-23T09:56:03 IST" name="LaunchingBrowser" finished-at="2025-06-23T09:56:13 IST" duration-ms="10680" status="PASS">
          <reporter-output>
          </reporter-output>
        </test-method> <!-- LaunchingBrowser -->
        <test-method is-config="true" signature="setUp()[pri:0, instance:com.orangeHRM_Dashboard.VerifyLoginFunctionality@2c282004]" started-at="2025-06-23T09:56:13 IST" name="setUp" finished-at="2025-06-23T09:56:13 IST" duration-ms="141" status="PASS">
          <reporter-output>
          </reporter-output>
        </test-method> <!-- setUp -->
        <test-method signature="TC001_vlaidLoginTest()[pri:0, instance:com.orangeHRM_Dashboard.VerifyLoginFunctionality@2c282004]" started-at="2025-06-23T09:56:13 IST" name="TC001_vlaidLoginTest" finished-at="2025-06-23T09:56:19 IST" duration-ms="5160" status="PASS">
          <reporter-output>
          </reporter-output>
        </test-method> <!-- TC001_vlaidLoginTest -->
        <test-method signature="TC002_InvalidLogin()[pri:0, instance:com.orangeHRM_Dashboard.VerifyLoginFunctionality@2c282004]" started-at="2025-06-23T09:56:19 IST" name="TC002_InvalidLogin" finished-at="2025-06-23T09:56:22 IST" duration-ms="3532" status="PASS">
          <reporter-output>
          </reporter-output>
        </test-method> <!-- TC002_InvalidLogin -->
        <test-method is-config="true" signature="setUp()[pri:0, instance:com.orangeHRM_Dashboard.VerifyLoginFunctionality@2c282004]" started-at="2025-06-23T09:56:19 IST" name="setUp" finished-at="2025-06-23T09:56:19 IST" duration-ms="0" status="PASS">
          <reporter-output>
          </reporter-output>
        </test-method> <!-- setUp -->
        <test-method is-config="true" signature="setUp()[pri:0, instance:com.orangeHRM_Dashboard.VerifyLoginFunctionality@2c282004]" started-at="2025-06-23T09:56:22 IST" name="setUp" finished-at="2025-06-23T09:56:22 IST" duration-ms="2" status="PASS">
          <reporter-output>
          </reporter-output>
        </test-method> <!-- setUp -->
        <test-method signature="TC003_blank_username_password_fields()[pri:0, instance:com.orangeHRM_Dashboard.VerifyLoginFunctionality@2c282004]" started-at="2025-06-23T09:56:22 IST" name="TC003_blank_username_password_fields" finished-at="2025-06-23T09:56:22 IST" duration-ms="259" status="PASS">
          <reporter-output>
          </reporter-output>
        </test-method> <!-- TC003_blank_username_password_fields -->
        <test-method is-config="true" signature="setUp()[pri:0, instance:com.orangeHRM_Dashboard.VerifyLoginFunctionality@2c282004]" started-at="2025-06-23T09:56:22 IST" name="setUp" finished-at="2025-06-23T09:56:22 IST" duration-ms="2" status="PASS">
          <reporter-output>
          </reporter-output>
        </test-method> <!-- setUp -->
        <test-method signature="TC004_TestForgotPasswordLink()[pri:0, instance:com.orangeHRM_Dashboard.VerifyLoginFunctionality@2c282004]" started-at="2025-06-23T09:56:22 IST" name="TC004_TestForgotPasswordLink" finished-at="2025-06-23T09:56:25 IST" duration-ms="2645" status="PASS">
          <reporter-output>
          </reporter-output>
        </test-method> <!-- TC004_TestForgotPasswordLink -->
        <test-method is-config="true" signature="closingBrowser()[pri:0, instance:com.orangeHRM_Dashboard.VerifyLoginFunctionality@2c282004]" started-at="2025-06-23T09:56:25 IST" name="closingBrowser" finished-at="2025-06-23T09:56:30 IST" duration-ms="4759" status="PASS">
          <reporter-output>
          </reporter-output>
        </test-method> <!-- closingBrowser -->
      </class> <!-- com.orangeHRM_Dashboard.VerifyLoginFunctionality -->
    </test> <!-- Default test -->
  </suite> <!-- Default suite -->
</testng-results>
